Build started 20.06.2011 23:12:50.
     1>Project "C:\Users\Engineer\documents\visual studio 2010\Projects\Client\Client\Client.vcxproj" on node 2 (build target(s)).
     1>InitializeBuildStatus:
         Creating "Debug\Client.unsuccessfulbuild" because "AlwaysCreate" was specified.
       ClCompile:
         C:\Program Files\Microsoft Visual Studio 10.0\VC\bin\CL.exe /c /ZI /nologo /W3 /WX- /Od /Oy- /D WIN32 /D _DEBUG /D _CONSOLE /D _MBCS /Gm /EHsc /RTC1 /MTd /GS /fp:precise /Zc:wchar_t /Zc:forScope /Fo"Debug\\" /Fd"Debug\vc100.pdb" /Gd /TP /analyze- /errorReport:prompt sources\MySQLServer.cpp
         MySQLServer.cpp
       ManifestResourceCompile:
         All outputs are up-to-date.
       Link:
         C:\Program Files\Microsoft Visual Studio 10.0\VC\bin\link.exe /ERRORREPORT:PROMPT /OUT:"C:\Users\Engineer\documents\visual studio 2010\Projects\Client\Debug\Client.exe" /INCREMENTAL /NOLOGO kernel32.lib user32.lib gdi32.lib winspool.lib comdlg32.lib advapi32.lib shell32.lib ole32.lib oleaut32.lib uuid.lib odbc32.lib odbccp32.lib /MANIFEST /ManifestFile:"Debug\Client.exe.intermediate.manifest" /MANIFESTUAC:"level='asInvoker' uiAccess='false'" /DEBUG /PDB:"C:\Users\Engineer\documents\visual studio 2010\Projects\Client\Debug\Client.pdb" /SUBSYSTEM:CONSOLE /TLBID:1 /DYNAMICBASE /NXCOMPAT /IMPLIB:"C:\Users\Engineer\documents\visual studio 2010\Projects\Client\Debug\Client.lib" /MACHINE:X86 Debug\Client.exe.embed.manifest.res
         Debug\CheckConditions.obj
         Debug\Client.obj
         Debug\DataProcessing.obj
         Debug\MySQLServer.obj
         Debug\SearchOptions.obj
         Debug\SystemSettings.obj
         libs\libmysql.lib
       Manifest:
         C:\Program Files\Microsoft SDKs\Windows\v7.0A\bin\mt.exe /nologo /verbose /out:"Debug\Client.exe.embed.manifest" /manifest Debug\Client.exe.intermediate.manifest
         All outputs are up-to-date.
       LinkEmbedManifest:
         All outputs are up-to-date.
         Client.vcxproj -> C:\Users\Engineer\documents\visual studio 2010\Projects\Client\Debug\Client.exe
       FinalizeBuildStatus:
         Deleting file "Debug\Client.unsuccessfulbuild".
         Touching "Debug\Client.lastbuildstate".
     1>Done Building Project "C:\Users\Engineer\documents\visual studio 2010\Projects\Client\Client\Client.vcxproj" (build target(s)).

Build succeeded.

Time Elapsed 00:00:01.40
