C:\USERS\ENGINEER\DOCUMENTS\VISUAL STUDIO 2010\PROJECTS\CLIENT\CLIENT\DEBUG\CHECKCONDITIONS.OBJ
C:\Users\Engineer\documents\visual studio 2010\Projects\Client\Client\Debug\cl.command.1.tlog
C:\Users\Engineer\documents\visual studio 2010\Projects\Client\Client\Debug\CL.read.1.tlog
C:\Users\Engineer\documents\visual studio 2010\Projects\Client\Client\Debug\CL.write.1.tlog
C:\USERS\ENGINEER\DOCUMENTS\VISUAL STUDIO 2010\PROJECTS\CLIENT\CLIENT\DEBUG\CLIENT.EXE.EMBED.MANIFEST
C:\USERS\ENGINEER\DOCUMENTS\VISUAL STUDIO 2010\PROJECTS\CLIENT\CLIENT\DEBUG\CLIENT.EXE.EMBED.MANIFEST.RES
C:\Users\Engineer\documents\visual studio 2010\Projects\Client\Client\Debug\Client.exe.intermediate.manifest
C:\USERS\ENGINEER\DOCUMENTS\VISUAL STUDIO 2010\PROJECTS\CLIENT\CLIENT\DEBUG\CLIENT.OBJ
C:\Users\Engineer\documents\visual studio 2010\Projects\Client\Client\Debug\Client_manifest.rc
C:\USERS\ENGINEER\DOCUMENTS\VISUAL STUDIO 2010\PROJECTS\CLIENT\CLIENT\DEBUG\DATAPROCESSING.OBJ
C:\Users\Engineer\documents\visual studio 2010\Projects\Client\Client\Debug\link.1396.read.1.tlog
C:\Users\Engineer\documents\visual studio 2010\Projects\Client\Client\Debug\link.1396.write.1.tlog
C:\Users\Engineer\documents\visual studio 2010\Projects\Client\Client\Debug\link.1396-cvtres.read.1.tlog
C:\Users\Engineer\documents\visual studio 2010\Projects\Client\Client\Debug\link.1396-cvtres.write.1.tlog
C:\Users\Engineer\documents\visual studio 2010\Projects\Client\Client\Debug\link.command.1.tlog
C:\Users\Engineer\documents\visual studio 2010\Projects\Client\Client\Debug\link.read.1.tlog
C:\Users\Engineer\documents\visual studio 2010\Projects\Client\Client\Debug\link.write.1.tlog
C:\Users\Engineer\documents\visual studio 2010\Projects\Client\Client\Debug\link-cvtres.read.1.tlog
C:\Users\Engineer\documents\visual studio 2010\Projects\Client\Client\Debug\link-cvtres.write.1.tlog
C:\Users\Engineer\documents\visual studio 2010\Projects\Client\Client\Debug\mt.command.1.tlog
C:\Users\Engineer\documents\visual studio 2010\Projects\Client\Client\Debug\mt.read.1.tlog
C:\Users\Engineer\documents\visual studio 2010\Projects\Client\Client\Debug\mt.write.1.tlog
C:\USERS\ENGINEER\DOCUMENTS\VISUAL STUDIO 2010\PROJECTS\CLIENT\CLIENT\DEBUG\MYSQLSERVER.OBJ
C:\Users\Engineer\documents\visual studio 2010\Projects\Client\Client\Debug\rc.command.1.tlog
C:\Users\Engineer\documents\visual studio 2010\Projects\Client\Client\Debug\rc.read.1.tlog
C:\Users\Engineer\documents\visual studio 2010\Projects\Client\Client\Debug\rc.write.1.tlog
C:\USERS\ENGINEER\DOCUMENTS\VISUAL STUDIO 2010\PROJECTS\CLIENT\CLIENT\DEBUG\SEARCHOPTIONS.OBJ
C:\USERS\ENGINEER\DOCUMENTS\VISUAL STUDIO 2010\PROJECTS\CLIENT\CLIENT\DEBUG\SYSTEMSETTINGS.OBJ
C:\Users\Engineer\documents\visual studio 2010\Projects\Client\Client\Debug\vc100.idb
C:\USERS\ENGINEER\DOCUMENTS\VISUAL STUDIO 2010\PROJECTS\CLIENT\CLIENT\DEBUG\VC100.PDB
C:\Users\Engineer\documents\visual studio 2010\Projects\Client\Debug\Client.pdb
